This is XeTeX, Version 3.14159265-2.6-0.999992 (MiKTeX 20.6.29) (preloaded format=xelatex 2020.11.22)  4 MAR 2022 10:41
entering extended mode
**./th2.tex
(th2.tex
LaTeX2e <2020-02-02> patch level 5
L3 programming layer <2020-06-18>
! Undefined control sequence.
l.1 \Large
           \textbf{عنوان سوال}
The control sequence at the end of the top line
of your error message was never \def'ed. If you have
misspelled it (e.g., `\hobx'), type `I' and the correct
spelling (e.g., `I\hbox'). Otherwise just continue,
and I'll forget about whatever was undefined.


! LaTeX Error: Missing \begin{document}.

See the LaTeX manual or LaTeX Companion for explanation.
Type  H <return>  for immediate help.
 ...                                              
                                                  
l.1 \Large \textbf{عنوان سوال}
                              
You're in trouble here.  Try typing  <return>  to proceed.
If that doesn't work, type  X <return>  to quit.

Missing character: There is no ع in font [lmroman10-bold]:mapping=tex-text;!
Missing character: There is no ن in font [lmroman10-bold]:mapping=tex-text;!
Missing character: There is no و in font [lmroman10-bold]:mapping=tex-text;!
Missing character: There is no ا in font [lmroman10-bold]:mapping=tex-text;!
Missing character: There is no ن in font [lmroman10-bold]:mapping=tex-text;!
Missing character: There is no س in font [lmroman10-bold]:mapping=tex-text;!
Missing character: There is no و in font [lmroman10-bold]:mapping=tex-text;!
Missing character: There is no ا in font [lmroman10-bold]:mapping=tex-text;!
Missing character: There is no ل in font [lmroman10-bold]:mapping=tex-text;!
! Undefined control sequence.
l.2 \large
           \textbf{(۳۰ نمره)}
The control sequence at the end of the top line
of your error message was never \def'ed. If you have
misspelled it (e.g., `\hobx'), type `I' and the correct
spelling (e.g., `I\hbox'). Otherwise just continue,
and I'll forget about whatever was undefined.

Missing character: There is no ۳ in font [lmroman10-bold]:mapping=tex-text;!
Missing character: There is no ۰ in font [lmroman10-bold]:mapping=tex-text;!
Missing character: There is no ن in font [lmroman10-bold]:mapping=tex-text;!
Missing character: There is no م in font [lmroman10-bold]:mapping=tex-text;!
Missing character: There is no ر in font [lmroman10-bold]:mapping=tex-text;!
Missing character: There is no ه in font [lmroman10-bold]:mapping=tex-text;!

Overfull \hbox (34.0pt too wide) in paragraph at lines 1--3
[]\TU/lmr/bx/n/10 عنوان
 []


Overfull \hbox (11.2pt too wide) in paragraph at lines 1--3
\TU/lmr/bx/n/10 سوال
 []


Overfull \hbox (10.07pt too wide) in paragraph at lines 1--3
\TU/lmr/bx/n/10 (۳۰
 []


Overfull \hbox (15.67pt too wide) in paragraph at lines 1--3
\TU/lmr/bx/n/10 نمره) 
 []


! LaTeX Error: The font size command \normalsize is not defined:
               there is probably something wrong with the class file.

See the LaTeX manual or LaTeX Companion for explanation.
Type  H <return>  for immediate help.
 ...                                              
                                                  
l.4 \normalsize
                \vspace{0.5cm}
Your command was ignored.
Type  I <command> <return>  to replace it with another command,
or  <return>  to continue without it.


! LaTeX Error: Missing \begin{document}.

See the LaTeX manual or LaTeX Companion for explanation.
Type  H <return>  for immediate help.
 ...                                              
                                                  
l.6 \begin{enumerate}
                     [label=(\alph*)]
You're in trouble here.  Try typing  <return>  to proceed.
If that doesn't work, type  X <return>  to quit.


Overfull \hbox (20.0pt too wide) in paragraph at lines 6--6
[] 
 []


! LaTeX Error: Missing \begin{document}.

See the LaTeX manual or LaTeX Companion for explanation.
Type  H <return>  for immediate help.
 ...                                              
                                                  
l.6 \begin{enumerate}[
                      label=(\alph*)]
You're in trouble here.  Try typing  <return>  to proceed.
If that doesn't work, type  X <return>  to quit.

Missing character: There is no [ in font nullfont!
Missing character: There is no l in font nullfont!
Missing character: There is no a in font nullfont!
Missing character: There is no b in font nullfont!
Missing character: There is no e in font nullfont!
Missing character: There is no l in font nullfont!
Missing character: There is no = in font nullfont!
Missing character: There is no ( in font nullfont!
! Missing number, treated as zero.
<to be read again> 
                   \c@* 
l.6 \begin{enumerate}[label=(\alph*
                                   )]
A number should have been here; I inserted `0'.
(If you can't figure out why I needed to see a number,
look up `weird error' in the index to The TeXbook.)

Missing character: There is no ) in font nullfont!
Missing character: There is no ] in font nullfont!

! LaTeX Error: Something's wrong--perhaps a missing \item.

See the LaTeX manual or LaTeX Companion for explanation.
Type  H <return>  for immediate help.
 ...                                              
                                                  
l.8 ^^Iد
        و فرایند
Try typing  <return>  to proceed.
If that doesn't work, type  X <return>  to quit.


! LaTeX Error: Something's wrong--perhaps a missing \item.

See the LaTeX manual or LaTeX Companion for explanation.
Type  H <return>  for immediate help.
 ...                                              
                                                  
l.8 ^^Iد
        و فرایند
Try typing  <return>  to proceed.
If that doesn't work, type  X <return>  to quit.


! LaTeX Error: Something's wrong--perhaps a missing \item.

See the LaTeX manual or LaTeX Companion for explanation.
Type  H <return>  for immediate help.
 ...                                              
                                                  
l.8 ^^Iد
        و فرایند
Try typing  <return>  to proceed.
If that doesn't work, type  X <return>  to quit.

Missing character: There is no د in font nullfont!
Missing character: There is no و in font nullfont!
Missing character: There is no ف in font nullfont!
Missing character: There is no ر in font nullfont!
Missing character: There is no ا in font nullfont!
Missing character: There is no ی in font nullfont!
Missing character: There is no ن in font nullfont!
Missing character: There is no د in font nullfont!
LaTeX Font Info:    External font `cmex10' loaded for size
(Font)              <7> on input line 9.
LaTeX Font Info:    External font `cmex10' loaded for size
(Font)              <5> on input line 9.
Missing character: There is no و in font nullfont!
! Undefined control sequence.
l.12 ^^I\lr
           {Mean Ergodic}
The control sequence at the end of the top line
of your error message was never \def'ed. If you have
misspelled it (e.g., `\hobx'), type `I' and the correct
spelling (e.g., `I\hbox'). Otherwise just continue,
and I'll forget about whatever was undefined.

Missing character: There is no M in font nullfont!
Missing character: There is no e in font nullfont!
Missing character: There is no a in font nullfont!
Missing character: There is no n in font nullfont!
Missing character: There is no E in font nullfont!
Missing character: There is no r in font nullfont!
Missing character: There is no g in font nullfont!
Missing character: There is no o in font nullfont!
Missing character: There is no d in font nullfont!
Missing character: There is no i in font nullfont!
Missing character: There is no c in font nullfont!
Missing character: There is no ه in font nullfont!
Missing character: There is no س in font nullfont!
Missing character: There is no ت in font nullfont!
Missing character: There is no ن in font nullfont!
Missing character: There is no د in font nullfont!
Missing character: There is no و in font nullfont!
Missing character: There is no م in font nullfont!
Missing character: There is no ی in font nullfont!
Missing character: There is no ا in font nullfont!
Missing character: There is no ن in font nullfont!
Missing character: There is no گ in font nullfont!
Missing character: There is no ی in font nullfont!
Missing character: There is no ن in font nullfont!
Missing character: There is no آ in font nullfont!
Missing character: There is no ن in font nullfont!
Missing character: There is no ‌ in font nullfont!
Missing character: There is no ه in font nullfont!
Missing character: There is no ا in font nullfont!
Missing character: There is no ب in font nullfont!
Missing character: There is no ه in font nullfont!
Missing character: There is no ت in font nullfont!
Missing character: There is no ر in font nullfont!
Missing character: There is no ت in font nullfont!
Missing character: There is no ی in font nullfont!
Missing character: There is no ب in font nullfont!
Missing character: There is no ب in font nullfont!
Missing character: There is no ر in font nullfont!
Missing character: There is no ا in font nullfont!
Missing character: There is no ب in font nullfont!
Missing character: There is no ر in font nullfont!
Missing character: There is no ب in font nullfont!
Missing character: There is no ا in font nullfont!
Missing character: There is no و in font nullfont!
Missing character: There is no ه in font nullfont!
Missing character: There is no س in font nullfont!
Missing character: There is no ت in font nullfont!
Missing character: There is no ن in font nullfont!
Missing character: There is no د in font nullfont!
Missing character: There is no . in font nullfont!
Missing character: There is no د in font nullfont!
Missing character: There is no ر in font nullfont!
Missing character: There is no ص in font nullfont!
Missing character: There is no و in font nullfont!
Missing character: There is no ر in font nullfont!
Missing character: There is no ت in font nullfont!
Missing character: There is no ی in font nullfont!
Missing character: There is no ک in font nullfont!
Missing character: There is no ه in font nullfont!
Missing character: There is no ت in font nullfont!
Missing character: There is no ع in font nullfont!
Missing character: There is no ر in font nullfont!
Missing character: There is no ی in font nullfont!
Missing character: There is no ف in font nullfont!
Missing character: There is no ک in font nullfont!
Missing character: There is no ن in font nullfont!
Missing character: There is no ی in font nullfont!
Missing character: There is no م in font nullfont!
Missing character: There is no : in font nullfont!

Overfull \hbox (25.8264pt too wide) in paragraph at lines 6--18
[] []$
 []


Overfull \hbox (25.8264pt too wide) in paragraph at lines 6--18
[] []$
 []


Overfull \hbox (9.45143pt too wide) in paragraph at lines 6--18
[]$
 []


Overfull \hbox (9.45143pt too wide) in paragraph at lines 6--18
[]$
 []


Overfull \hbox (99.21635pt too wide) detected at line 20
\OML/cmm/m/it/10 X [] \OT1/cmr/m/n/10 = [] [] + \OML/cmm/m/it/10 c[] []
 []

Missing character: There is no ب in font nullfont!
Missing character: There is no ه in font nullfont!
Missing character: There is no ص in font nullfont!
Missing character: There is no و in font nullfont!
Missing character: There is no ر in font nullfont!
Missing character: There is no ت in font nullfont!
Missing character: There is no ی in font nullfont!
Missing character: There is no ک in font nullfont!
Missing character: There is no ه in font nullfont!
Missing character: There is no c in font nullfont!
Missing character: There is no ی in font nullfont!
Missing character: There is no ک in font nullfont!
Missing character: There is no م in font nullfont!
Missing character: There is no ت in font nullfont!
Missing character: There is no غ in font nullfont!
Missing character: There is no ی in font nullfont!
Missing character: There is no ر in font nullfont!
Missing character: There is no ب in font nullfont!
Missing character: There is no ر in font nullfont!
Missing character: There is no ن in font nullfont!
Missing character: There is no و in font nullfont!
Missing character: There is no ل in font nullfont!
Missing character: There is no ی in font nullfont!
Missing character: There is no م in font nullfont!
Missing character: There is no س in font nullfont!
Missing character: There is no ت in font nullfont!
Missing character: There is no ق in font nullfont!
Missing character: There is no ل in font nullfont!
Missing character: There is no ب in font nullfont!
Missing character: There is no ا in font nullfont!
Missing character: There is no ا in font nullfont!
Missing character: There is no ح in font nullfont!
Missing character: There is no ت in font nullfont!
Missing character: There is no م in font nullfont!
Missing character: There is no ا in font nullfont!
Missing character: There is no ل in font nullfont!
Missing character: There is no ب in font nullfont!
Missing character: There is no ا in font nullfont!
Missing character: There is no ش in font nullfont!
Missing character: There is no د in font nullfont!
Missing character: There is no . in font nullfont!
Missing character: There is no آ in font nullfont!
Missing character: There is no ی in font nullfont!
Missing character: There is no ا in font nullfont!
! Undefined control sequence.
l.25 ^^I\lr
           {Mean Ergodic}
The control sequence at the end of the top line
of your error message was never \def'ed. If you have
misspelled it (e.g., `\hobx'), type `I' and the correct
spelling (e.g., `I\hbox'). Otherwise just continue,
and I'll forget about whatever was undefined.

Missing character: There is no M in font nullfont!
Missing character: There is no e in font nullfont!
Missing character: There is no a in font nullfont!
Missing character: There is no n in font nullfont!
Missing character: There is no E in font nullfont!
Missing character: There is no r in font nullfont!
Missing character: There is no g in font nullfont!
Missing character: There is no o in font nullfont!
Missing character: There is no d in font nullfont!
Missing character: There is no i in font nullfont!
Missing character: There is no c in font nullfont!
Missing character: There is no ا in font nullfont!
Missing character: There is no س in font nullfont!
Missing character: There is no ت in font nullfont!
Missing character: There is no ؟ in font nullfont!
Missing character: There is no چ in font nullfont!
Missing character: There is no ر in font nullfont!
Missing character: There is no ا in font nullfont!
Missing character: There is no ؟ in font nullfont!

! LaTeX Error: Something's wrong--perhaps a missing \item.

See the LaTeX manual or LaTeX Companion for explanation.
Type  H <return>  for immediate help.
 ...                                              
                                                  
l.28 ^^Iف
         رایند زیر را در نظر بگیرید:
Try typing  <return>  to proceed.
If that doesn't work, type  X <return>  to quit.


! LaTeX Error: Something's wrong--perhaps a missing \item.

See the LaTeX manual or LaTeX Companion for explanation.
Type  H <return>  for immediate help.
 ...                                              
                                                  
l.28 ^^Iف
         رایند زیر را در نظر بگیرید:
Try typing  <return>  to proceed.
If that doesn't work, type  X <return>  to quit.


! LaTeX Error: Something's wrong--perhaps a missing \item.

See the LaTeX manual or LaTeX Companion for explanation.
Type  H <return>  for immediate help.
 ...                                              
                                                  
l.28 ^^Iف
         رایند زیر را در نظر بگیرید:
Try typing  <return>  to proceed.
If that doesn't work, type  X <return>  to quit.

Missing character: There is no ف in font nullfont!
Missing character: There is no ر in font nullfont!
Missing character: There is no ا in font nullfont!
Missing character: There is no ی in font nullfont!
Missing character: There is no ن in font nullfont!
Missing character: There is no د in font nullfont!
Missing character: There is no ز in font nullfont!
Missing character: There is no ی in font nullfont!
Missing character: There is no ر in font nullfont!
Missing character: There is no ر in font nullfont!
Missing character: There is no ا in font nullfont!
Missing character: There is no د in font nullfont!
Missing character: There is no ر in font nullfont!
Missing character: There is no ن in font nullfont!
Missing character: There is no ظ in font nullfont!
Missing character: There is no ر in font nullfont!
Missing character: There is no ب in font nullfont!
Missing character: There is no گ in font nullfont!
Missing character: There is no ی in font nullfont!
Missing character: There is no ر in font nullfont!
Missing character: There is no ی in font nullfont!
Missing character: There is no د in font nullfont!
Missing character: There is no : in font nullfont!

Overfull \hbox (6.38612pt too wide) in paragraph at lines 20--29
          $[]$
 []


Overfull \hbox (22.12497pt too wide) in paragraph at lines 20--29
\OML/cmm/m/it/10 X []$
 []


Overfull \hbox (133.19656pt too wide) detected at line 31
\OML/cmm/m/it/10 X [] \OT1/cmr/m/n/10 = \OML/cmm/m/it/10 a [] [] \OT1/cmr/m/n/1
0 + \OML/cmm/m/it/10 b [] [] \OT1/cmr/m/n/10 + \OML/cmm/m/it/10 c
 []

Missing character: There is no ک in font nullfont!
Missing character: There is no ه in font nullfont!
Missing character: There is no د in font nullfont!
Missing character: There is no ر in font nullfont!
Missing character: There is no آ in font nullfont!
Missing character: There is no ن in font nullfont!
Missing character: There is no a in font nullfont!
Missing character: There is no و in font nullfont!
Missing character: There is no b in font nullfont!
Missing character: There is no د in font nullfont!
Missing character: There is no ر in font nullfont!
Missing character: There is no م in font nullfont!
Missing character: There is no ت in font nullfont!
Missing character: There is no غ in font nullfont!
Missing character: There is no ی in font nullfont!
Missing character: There is no ر in font nullfont!
Missing character: There is no ت in font nullfont!
Missing character: There is no ص in font nullfont!
Missing character: There is no ا in font nullfont!
Missing character: There is no د in font nullfont!
Missing character: There is no ف in font nullfont!
Missing character: There is no ی in font nullfont!
Missing character: There is no u in font nullfont!
Missing character: There is no n in font nullfont!
Missing character: There is no c in font nullfont!
Missing character: There is no o in font nullfont!
Missing character: There is no r in font nullfont!
Missing character: There is no r in font nullfont!
Missing character: There is no e in font nullfont!
Missing character: There is no l in font nullfont!
Missing character: There is no a in font nullfont!
Missing character: There is no t in font nullfont!
Missing character: There is no e in font nullfont!
Missing character: There is no d in font nullfont!
Missing character: There is no ه in font nullfont!
Missing character: There is no س in font nullfont!
Missing character: There is no ت in font nullfont!
Missing character: There is no ن in font nullfont!
Missing character: There is no د in font nullfont!
Missing character: There is no ک in font nullfont!
Missing character: There is no ه in font nullfont!
Missing character: There is no م in font nullfont!
Missing character: There is no ی in font nullfont!
Missing character: There is no ا in font nullfont!
Missing character: There is no ن in font nullfont!
Missing character: There is no گ in font nullfont!
Missing character: There is no ی in font nullfont!
Missing character: There is no ن in font nullfont!
Missing character: There is no آ in font nullfont!
Missing character: There is no ن in font nullfont!
Missing character: There is no ‌ in font nullfont!
Missing character: There is no ه in font nullfont!
Missing character: There is no ا in font nullfont!
Missing character: There is no ب in font nullfont!
Missing character: There is no ر in font nullfont!
Missing character: There is no ا in font nullfont!
Missing character: There is no ب in font nullfont!
Missing character: There is no ر in font nullfont!
Missing character: There is no ب in font nullfont!
Missing character: There is no ا in font nullfont!
Missing character: There is no ص in font nullfont!
Missing character: There is no ف in font nullfont!
Missing character: There is no ر in font nullfont!
Missing character: There is no و in font nullfont!
Missing character: There is no و in font nullfont!
Missing character: There is no ا in font nullfont!
Missing character: There is no ر in font nullfont!
Missing character: There is no ی in font nullfont!
Missing character: There is no ا in font nullfont!
Missing character: There is no ن in font nullfont!
Missing character: There is no س in font nullfont!
Missing character: There is no ی in font nullfont!
Missing character: There is no ی in font nullfont!
Missing character: There is no ک in font nullfont!
Missing character: There is no س in font nullfont!
Missing character: There is no ا in font nullfont!
Missing character: There is no ن in font nullfont!
Missing character: There is no د in font nullfont!
Missing character: There is no ا in font nullfont!
Missing character: There is no ر in font nullfont!
Missing character: There is no ن in font nullfont!
Missing character: There is no د in font nullfont!
Missing character: There is no . in font nullfont!
Missing character: There is no آ in font nullfont!
Missing character: There is no ی in font nullfont!
Missing character: There is no ا in font nullfont!
! Undefined control sequence.
l.34 ^^I\lr
           {Mean Ergodic}
The control sequence at the end of the top line
of your error message was never \def'ed. If you have
misspelled it (e.g., `\hobx'), type `I' and the correct
spelling (e.g., `I\hbox'). Otherwise just continue,
and I'll forget about whatever was undefined.

Missing character: There is no M in font nullfont!
Missing character: There is no e in font nullfont!
Missing character: There is no a in font nullfont!
Missing character: There is no n in font nullfont!
Missing character: There is no E in font nullfont!
Missing character: There is no r in font nullfont!
Missing character: There is no g in font nullfont!
Missing character: There is no o in font nullfont!
Missing character: There is no d in font nullfont!
Missing character: There is no i in font nullfont!
Missing character: There is no c in font nullfont!
Missing character: There is no ا in font nullfont!
Missing character: There is no س in font nullfont!
Missing character: There is no ت in font nullfont!
Missing character: There is no ؟ in font nullfont!
Missing character: There is no چ in font nullfont!
Missing character: There is no ر in font nullfont!
Missing character: There is no ا in font nullfont!
Missing character: There is no ؟ in font nullfont!

! LaTeX Error: Something's wrong--perhaps a missing \item.

See the LaTeX manual or LaTeX Companion for explanation.
Type  H <return>  for immediate help.
 ...                                              
                                                  
l.36 \end{enumerate}
                    
Try typing  <return>  to proceed.
If that doesn't work, type  X <return>  to quit.


Overfull \hbox (22.12497pt too wide) in paragraph at lines 31--36
                      $\OML/cmm/m/it/10 X []$
 []

)
! Emergency stop.
<*> ./th2.tex
             
*** (job aborted, no legal \end found)

 
Here is how much of TeX's memory you used:
 25 strings out of 414071
 417 string characters out of 2894590
 245684 words of memory out of 3000000
 17767 multiletter control sequences out of 15000+200000
 532346 words of font info for 25 fonts, out of 3000000 for 9000
 1348 hyphenation exceptions out of 8191
 18i,2n,15p,120b,110s stack positions out of 5000i,500n,10000p,200000b,50000s
No pages of output.
