This is XeTeX, Version 3.14159265-2.6-0.999992 (MiKTeX 20.6.29) (preloaded format=xelatex 2020.11.22)  3 MAY 2022 16:53
entering extended mode
**./th8.tex
(th8.tex
LaTeX2e <2020-02-02> patch level 5
L3 programming layer <2020-06-18>
! Undefined control sequence.
l.1 \Large
           \textbf{زوج یا فرد!}
The control sequence at the end of the top line
of your error message was never \def'ed. If you have
misspelled it (e.g., `\hobx'), type `I' and the correct
spelling (e.g., `I\hbox'). Otherwise just continue,
and I'll forget about whatever was undefined.


! LaTeX Error: Missing \begin{document}.

See the LaTeX manual or LaTeX Companion for explanation.
Type  H <return>  for immediate help.
 ...                                              
                                                  
l.1 \Large \textbf{زوج یا فرد!}
                               
You're in trouble here.  Try typing  <return>  to proceed.
If that doesn't work, type  X <return>  to quit.

Missing character: There is no ز in font [lmroman10-bold]:mapping=tex-text;!
Missing character: There is no و in font [lmroman10-bold]:mapping=tex-text;!
Missing character: There is no ج in font [lmroman10-bold]:mapping=tex-text;!
Missing character: There is no ی in font [lmroman10-bold]:mapping=tex-text;!
Missing character: There is no ا in font [lmroman10-bold]:mapping=tex-text;!
Missing character: There is no ف in font [lmroman10-bold]:mapping=tex-text;!
Missing character: There is no ر in font [lmroman10-bold]:mapping=tex-text;!
Missing character: There is no د in font [lmroman10-bold]:mapping=tex-text;!
! Undefined control sequence.
l.2 \large
           \textbf{(10 نمره)}
The control sequence at the end of the top line
of your error message was never \def'ed. If you have
misspelled it (e.g., `\hobx'), type `I' and the correct
spelling (e.g., `I\hbox'). Otherwise just continue,
and I'll forget about whatever was undefined.

Missing character: There is no ن in font [lmroman10-bold]:mapping=tex-text;!
Missing character: There is no م in font [lmroman10-bold]:mapping=tex-text;!
Missing character: There is no ر in font [lmroman10-bold]:mapping=tex-text;!
Missing character: There is no ه in font [lmroman10-bold]:mapping=tex-text;!

Overfull \hbox (28.4pt too wide) in paragraph at lines 1--3
[]\TU/lmr/bx/n/10 زوج
 []


Overfull \hbox (5.6pt too wide) in paragraph at lines 1--3
\TU/lmr/bx/n/10 یا
 []


Overfull \hbox (11.9pt too wide) in paragraph at lines 1--3
\TU/lmr/bx/n/10 فرد!
 []


Overfull \hbox (15.97pt too wide) in paragraph at lines 1--3
\TU/lmr/bx/n/10 (10
 []


Overfull \hbox (15.67pt too wide) in paragraph at lines 1--3
\TU/lmr/bx/n/10 نمره) 
 []


! LaTeX Error: The font size command \normalsize is not defined:
               there is probably something wrong with the class file.

See the LaTeX manual or LaTeX Companion for explanation.
Type  H <return>  for immediate help.
 ...                                              
                                                  
l.4 \normalsize
                \vspace{0.5cm}
Your command was ignored.
Type  I <command> <return>  to replace it with another command,
or  <return>  to continue without it.


! LaTeX Error: Missing \begin{document}.

See the LaTeX manual or LaTeX Companion for explanation.
Type  H <return>  for immediate help.
 ...                                              
                                                  
l.6 م
     عادلات زیر را در نظر بگیرید؛
You're in trouble here.  Try typing  <return>  to proceed.
If that doesn't work, type  X <return>  to quit.

Missing character: There is no م in font nullfont!
Missing character: There is no ع in font nullfont!
Missing character: There is no ا in font nullfont!
Missing character: There is no د in font nullfont!
Missing character: There is no ل in font nullfont!
Missing character: There is no ا in font nullfont!
Missing character: There is no ت in font nullfont!
Missing character: There is no ز in font nullfont!
Missing character: There is no ی in font nullfont!
Missing character: There is no ر in font nullfont!
Missing character: There is no ر in font nullfont!
Missing character: There is no ا in font nullfont!
Missing character: There is no د in font nullfont!
Missing character: There is no ر in font nullfont!
Missing character: There is no ن in font nullfont!
Missing character: There is no ظ in font nullfont!
Missing character: There is no ر in font nullfont!
Missing character: There is no ب in font nullfont!
Missing character: There is no گ in font nullfont!
Missing character: There is no ی in font nullfont!
Missing character: There is no ر in font nullfont!
Missing character: There is no ی in font nullfont!
Missing character: There is no د in font nullfont!
Missing character: There is no ؛ in font nullfont!

Overfull \hbox (20.0pt too wide) in paragraph at lines 6--7
[]
 []

LaTeX Font Info:    External font `cmex10' loaded for size
(Font)              <7> on input line 7.
LaTeX Font Info:    External font `cmex10' loaded for size
(Font)              <5> on input line 7.

! LaTeX Error: Environment align* undefined.

See the LaTeX manual or LaTeX Companion for explanation.
Type  H <return>  for immediate help.
 ...                                              
                                                  
l.8 \begin{align*}
                  
Your command was ignored.
Type  I <command> <return>  to replace it with another command,
or  <return>  to continue without it.

! Undefined control sequence.
l.9     \matbb
              {P}\{\text{اتفاقی در بازه $t,t+\Delta t$ بیفتد}|X_t=\text{فرد}...
The control sequence at the end of the top line
of your error message was never \def'ed. If you have
misspelled it (e.g., `\hobx'), type `I' and the correct
spelling (e.g., `I\hbox'). Otherwise just continue,
and I'll forget about whatever was undefined.

! Undefined control sequence.
l.9     \matbb{P}\{\text
                        {اتفاقی در بازه $t,t+\Delta t$ بیفتد}|X_t=\text{فرد}...
The control sequence at the end of the top line
of your error message was never \def'ed. If you have
misspelled it (e.g., `\hobx'), type `I' and the correct
spelling (e.g., `I\hbox'). Otherwise just continue,
and I'll forget about whatever was undefined.

! Missing } inserted.
<inserted text> 
                }
l.9     \matbb{P}\{\text{اتفاقی در بازه $
                                         t,t+\Delta t$ بیفتد}|X_t=\text{فرد}...
I've inserted something that you may have forgotten.
(See the <inserted text> above.)
With luck, this will get me unwedged. But if you
really didn't forget anything, try typing `2' now; then
my insertion and my current dilemma will both disappear.

! Missing \endgroup inserted.
<inserted text> 
                \endgroup 
l.9     \matbb{P}\{\text{اتفاقی در بازه $
                                         t,t+\Delta t$ بیفتد}|X_t=\text{فرد}...
I've inserted something that you may have forgotten.
(See the <inserted text> above.)
With luck, this will get me unwedged. But if you
really didn't forget anything, try typing `2' now; then
my insertion and my current dilemma will both disappear.

! Display math should end with $$.
<to be read again> 
                   t
l.9     \matbb{P}\{\text{اتفاقی در بازه $t
                                          ,t+\Delta t$ بیفتد}|X_t=\text{فرد}...
The `$' that I just saw supposedly matches a previous `$$'.
So I shall assume that you typed `$$' both times.

Missing character: There is no ا in font cmmi10!
Missing character: There is no ت in font cmmi10!
Missing character: There is no ف in font cmmi10!
Missing character: There is no ا in font cmmi10!
Missing character: There is no ق in font cmmi10!
Missing character: There is no ی in font cmmi10!
Missing character: There is no د in font cmmi10!
Missing character: There is no ر in font cmmi10!
Missing character: There is no ب in font cmmi10!
Missing character: There is no ا in font cmmi10!
Missing character: There is no ز in font cmmi10!
Missing character: There is no ه in font cmmi10!

Overfull \hbox (12.80905pt too wide) detected at line 9
\OML/cmm/m/it/10 P\OMS/cmsy/m/n/10 f[]
 []

Missing character: There is no t in font nullfont!
Missing character: There is no , in font nullfont!
Missing character: There is no t in font nullfont!
Missing character: There is no + in font nullfont!
! Missing $ inserted.
<inserted text> 
                $
l.9 ...\matbb{P}\{\text{اتفاقی در بازه $t,t+\Delta
                                                   t$ بیفتد}|X_t=\text{فرد}\...
I've inserted a begin-math/end-math symbol since I think
you left one out. Proceed, with fingers crossed.

Missing character: There is no ب in font nullfont!
Missing character: There is no ی in font nullfont!
Missing character: There is no ف in font nullfont!
Missing character: There is no ت in font nullfont!
Missing character: There is no د in font nullfont!
! Too many }'s.
l.9 ...{\text{اتفاقی در بازه $t,t+\Delta t$ بیفتد}
                                                  |X_t=\text{فرد}\}=\lambda_...
You've closed more groups than you opened.
Such booboos are generally harmless, so keep going.

Missing character: There is no | in font nullfont!
Missing character: There is no X in font nullfont!
! Missing $ inserted.
<inserted text> 
                $
l.9 ...ext{اتفاقی در بازه $t,t+\Delta t$ بیفتد}|X_
                                                  t=\text{فرد}\}=\lambda_o \...
I've inserted a begin-math/end-math symbol since I think
you left one out. Proceed, with fingers crossed.

! Undefined control sequence.
l.9 ...اقی در بازه $t,t+\Delta t$ بیفتد}|X_t=\text
                                                  {فرد}\}=\lambda_o \Delta t...
The control sequence at the end of the top line
of your error message was never \def'ed. If you have
misspelled it (e.g., `\hobx'), type `I' and the correct
spelling (e.g., `I\hbox'). Otherwise just continue,
and I'll forget about whatever was undefined.

! Undefined control sequence.
<recently read> \matbb 
                       
l.10     \matbb
               {P}\{\text{اتفاقی در بازه $t,t+\Delta t$ بیفتد}|X_t=\text{زوج...
The control sequence at the end of the top line
of your error message was never \def'ed. If you have
misspelled it (e.g., `\hobx'), type `I' and the correct
spelling (e.g., `I\hbox'). Otherwise just continue,
and I'll forget about whatever was undefined.

! Undefined control sequence.
l.10     \matbb{P}\{\text
                         {اتفاقی در بازه $t,t+\Delta t$ بیفتد}|X_t=\text{زوج...
The control sequence at the end of the top line
of your error message was never \def'ed. If you have
misspelled it (e.g., `\hobx'), type `I' and the correct
spelling (e.g., `I\hbox'). Otherwise just continue,
and I'll forget about whatever was undefined.

! Missing } inserted.
<inserted text> 
                }
l.10     \matbb{P}\{\text{اتفاقی در بازه $
                                          t,t+\Delta t$ بیفتد}|X_t=\text{زوج...
I've inserted something that you may have forgotten.
(See the <inserted text> above.)
With luck, this will get me unwedged. But if you
really didn't forget anything, try typing `2' now; then
my insertion and my current dilemma will both disappear.

Missing character: There is no ف in font cmmi10!
Missing character: There is no ر in font cmmi10!
Missing character: There is no د in font cmmi10!
Missing character: There is no ا in font cmmi10!
Missing character: There is no ت in font cmmi10!
Missing character: There is no ف in font cmmi10!
Missing character: There is no ا in font cmmi10!
Missing character: There is no ق in font cmmi10!
Missing character: There is no ی in font cmmi10!
Missing character: There is no د in font cmmi10!
Missing character: There is no ر in font cmmi10!
Missing character: There is no ب in font cmmi10!
Missing character: There is no ا in font cmmi10!
Missing character: There is no ز in font cmmi10!
Missing character: There is no ه in font cmmi10!
Missing character: There is no t in font nullfont!
Missing character: There is no , in font nullfont!
Missing character: There is no t in font nullfont!
Missing character: There is no + in font nullfont!
! Missing $ inserted.
<inserted text> 
                $
l.10 ...matbb{P}\{\text{اتفاقی در بازه $t,t+\Delta
                                                   t$ بیفتد}|X_t=\text{زوج}\...
I've inserted a begin-math/end-math symbol since I think
you left one out. Proceed, with fingers crossed.

Missing character: There is no ب in font nullfont!
Missing character: There is no ی in font nullfont!
Missing character: There is no ف in font nullfont!
Missing character: There is no ت in font nullfont!
Missing character: There is no د in font nullfont!
! Too many }'s.
l.10 ...\text{اتفاقی در بازه $t,t+\Delta t$ بیفتد}
                                                  |X_t=\text{زوج}\}=\lambda_...
You've closed more groups than you opened.
Such booboos are generally harmless, so keep going.

Missing character: There is no | in font nullfont!
Missing character: There is no X in font nullfont!
! Missing $ inserted.
<inserted text> 
                $
l.10 ...xt{اتفاقی در بازه $t,t+\Delta t$ بیفتد}|X_
                                                  t=\text{زوج}\}=\lambda_e \...
I've inserted a begin-math/end-math symbol since I think
you left one out. Proceed, with fingers crossed.

! Undefined control sequence.
l.10 ...قی در بازه $t,t+\Delta t$ بیفتد}|X_t=\text
                                                  {زوج}\}=\lambda_e \Delta t...
The control sequence at the end of the top line
of your error message was never \def'ed. If you have
misspelled it (e.g., `\hobx'), type `I' and the correct
spelling (e.g., `I\hbox'). Otherwise just continue,
and I'll forget about whatever was undefined.


! LaTeX Error: \begin{document} ended by \end{align*}.

See the LaTeX manual or LaTeX Companion for explanation.
Type  H <return>  for immediate help.
 ...                                              
                                                  
l.11 \end{align*}
                 
Your command was ignored.
Type  I <command> <return>  to replace it with another command,
or  <return>  to continue without it.

! Missing $ inserted.
<inserted text> 
                $
l.11 \end{align*}
                 
I've inserted something that you may have forgotten.
(See the <inserted text> above.)
With luck, this will get me unwedged. But if you
really didn't forget anything, try typing `2' now; then
my insertion and my current dilemma will both disappear.

Missing character: There is no ز in font cmmi10!
Missing character: There is no و in font cmmi10!
Missing character: There is no ج in font cmmi10!
! Extra \endgroup.
<recently read> \endgroup 
                          
l.11 \end{align*}
                 
Things are pretty mixed up, but I think the worst is over.


Overfull \hbox (11.94447pt too wide) in paragraph at lines 9--12
$\OT1/cmr/m/n/10 ^^A\OML/cmm/m/it/10 t$
 []


Overfull \hbox (14.07635pt too wide) in paragraph at lines 9--12
[] \OT1/cmr/m/n/10 =
 []


Overfull \hbox (15.55553pt too wide) in paragraph at lines 9--12
[]\OMS/cmsy/m/n/10 g \OT1/cmr/m/n/10 =
 []


Overfull \hbox (30.00285pt too wide) in paragraph at lines 9--12
\OML/cmm/m/it/10 ^^U[]\OT1/cmr/m/n/10 ^^A\OML/cmm/m/it/10 t \OT1/cmr/m/n/10 +
 []


Overfull \hbox (27.62782pt too wide) in paragraph at lines 9--12
\OML/cmm/m/it/10 O\OT1/cmr/m/n/10 (^^A\OML/cmm/m/it/10 t\OT1/cmr/m/n/10 )[] 
 []


Overfull \hbox (24.75352pt too wide) in paragraph at lines 9--12
\OML/cmm/m/it/10 P\OMS/cmsy/m/n/10 f[]$$\OT1/cmr/m/n/10 ^^A\OML/cmm/m/it/10 t$
 []


Overfull \hbox (14.07635pt too wide) in paragraph at lines 9--12
[] \OT1/cmr/m/n/10 =
 []


Overfull \hbox (15.55553pt too wide) in paragraph at lines 9--12
[]\OMS/cmsy/m/n/10 g \OT1/cmr/m/n/10 =
 []


Overfull \hbox (29.84975pt too wide) in paragraph at lines 9--12
\OML/cmm/m/it/10 ^^U[]\OT1/cmr/m/n/10 ^^A\OML/cmm/m/it/10 t \OT1/cmr/m/n/10 +
 []


Overfull \hbox (27.62782pt too wide) in paragraph at lines 9--12
\OML/cmm/m/it/10 O\OT1/cmr/m/n/10 (^^A\OML/cmm/m/it/10 t\OT1/cmr/m/n/10 )[] 
 []

! Display math should end with $$.
<to be read again> 
                   \Delta 
l.14 $\Delta
             t$ مقداری بسیار کم است و از
The `$' that I just saw supposedly matches a previous `$$'.
So I shall assume that you typed `$$' both times.

Missing character: There is no ک in font cmmi10!
Missing character: There is no ه in font cmmi10!
! Missing $ inserted.
<inserted text> 
                $
l.14 $\Delta
             t$ مقداری بسیار کم است و از
I've inserted a begin-math/end-math symbol since I think
you left one out. Proceed, with fingers crossed.

Missing character: There is no م in font nullfont!
Missing character: There is no ق in font nullfont!
Missing character: There is no د in font nullfont!
Missing character: There is no ا in font nullfont!
Missing character: There is no ر in font nullfont!
Missing character: There is no ی in font nullfont!
Missing character: There is no ب in font nullfont!
Missing character: There is no س in font nullfont!
Missing character: There is no ی in font nullfont!
Missing character: There is no ا in font nullfont!
Missing character: There is no ر in font nullfont!
Missing character: There is no ک in font nullfont!
Missing character: There is no م in font nullfont!
Missing character: There is no ا in font nullfont!
Missing character: There is no س in font nullfont!
Missing character: There is no ت in font nullfont!
Missing character: There is no و in font nullfont!
Missing character: There is no ا in font nullfont!
Missing character: There is no ز in font nullfont!
Missing character: There is no د in font nullfont!
Missing character: There is no ر in font nullfont!
Missing character: There is no م in font nullfont!
Missing character: There is no ق in font nullfont!
Missing character: There is no ا in font nullfont!
Missing character: There is no ب in font nullfont!
Missing character: There is no ل in font nullfont!
Missing character: There is no م in font nullfont!
Missing character: There is no ی in font nullfont!
Missing character: There is no ‌ in font nullfont!
Missing character: There is no ت in font nullfont!
Missing character: There is no و in font nullfont!
Missing character: There is no ا in font nullfont!
Missing character: There is no ن in font nullfont!
Missing character: There is no ص in font nullfont!
Missing character: There is no ر in font nullfont!
Missing character: There is no ف in font nullfont!
Missing character: There is no ن in font nullfont!
Missing character: There is no ظ in font nullfont!
Missing character: There is no ر in font nullfont!
Missing character: There is no ک in font nullfont!
Missing character: There is no ر in font nullfont!
Missing character: There is no د in font nullfont!
Missing character: There is no . in font nullfont!
Missing character: There is no ا in font nullfont!
Missing character: There is no گ in font nullfont!
Missing character: There is no ر in font nullfont!
Missing character: There is no ب in font nullfont!
Missing character: There is no ا in font nullfont!
Missing character: There is no ش in font nullfont!
Missing character: There is no د in font nullfont!
Missing character: There is no ، in font nullfont!
Missing character: There is no د in font nullfont!
Missing character: There is no و in font nullfont!
Missing character: There is no ع in font nullfont!
Missing character: There is no ب in font nullfont!
Missing character: There is no ا in font nullfont!
Missing character: There is no ر in font nullfont!
Missing character: There is no ت in font nullfont!
Missing character: There is no ز in font nullfont!
Missing character: There is no ی in font nullfont!
Missing character: There is no ر in font nullfont!
Missing character: There is no ر in font nullfont!
Missing character: There is no ا in font nullfont!
Missing character: There is no ح in font nullfont!
Missing character: There is no س in font nullfont!
Missing character: There is no ا in font nullfont!
Missing character: There is no ب in font nullfont!
Missing character: There is no ک in font nullfont!
Missing character: There is no ن in font nullfont!
Missing character: There is no ی in font nullfont!
Missing character: There is no د in font nullfont!
Missing character: There is no ؛ in font nullfont!

Overfull \hbox (11.94447pt too wide) in paragraph at lines 14--19
$\OT1/cmr/m/n/10 ^^A\OML/cmm/m/it/10 t$
 []


Overfull \hbox (27.62782pt too wide) in paragraph at lines 14--19
\OML/cmm/m/it/10 O\OT1/cmr/m/n/10 (^^A\OML/cmm/m/it/10 t\OT1/cmr/m/n/10 )$
 []


Overfull \hbox (11.94447pt too wide) in paragraph at lines 14--19
\OT1/cmr/m/n/10 ^^A\OML/cmm/m/it/10 t$
 []


Overfull \hbox (23.32637pt too wide) in paragraph at lines 14--19
\OML/cmm/m/it/10 X[] \OT1/cmr/m/n/10 =
 []


Overfull \hbox (5.00002pt too wide) in paragraph at lines 14--19
\OT1/cmr/m/n/10 0$
 []


! LaTeX Error: Environment align undefined.

See the LaTeX manual or LaTeX Companion for explanation.
Type  H <return>  for immediate help.
 ...                                              
                                                  
l.20 \begin{align}
                  
Your command was ignored.
Type  I <command> <return>  to replace it with another command,
or  <return>  to continue without it.

! Undefined control sequence.
l.21     \mathbb
                {P}\{X_t=\text{فرد}\}\ , \ \mathbb{P}\{X_t=\text{زوج}\}
The control sequence at the end of the top line
of your error message was never \def'ed. If you have
misspelled it (e.g., `\hobx'), type `I' and the correct
spelling (e.g., `I\hbox'). Otherwise just continue,
and I'll forget about whatever was undefined.

! Undefined control sequence.
l.21     \mathbb{P}\{X_t=\text
                              {فرد}\}\ , \ \mathbb{P}\{X_t=\text{زوج}\}
The control sequence at the end of the top line
of your error message was never \def'ed. If you have
misspelled it (e.g., `\hobx'), type `I' and the correct
spelling (e.g., `I\hbox'). Otherwise just continue,
and I'll forget about whatever was undefined.

! Undefined control sequence.
l.21     \mathbb{P}\{X_t=\text{فرد}\}\ , \ \mathbb
                                                  {P}\{X_t=\text{زوج}\}
The control sequence at the end of the top line
of your error message was never \def'ed. If you have
misspelled it (e.g., `\hobx'), type `I' and the correct
spelling (e.g., `I\hbox'). Otherwise just continue,
and I'll forget about whatever was undefined.

! Undefined control sequence.
l.21 ..._t=\text{فرد}\}\ , \ \mathbb{P}\{X_t=\text
                                                  {زوج}\}
The control sequence at the end of the top line
of your error message was never \def'ed. If you have
misspelled it (e.g., `\hobx'), type `I' and the correct
spelling (e.g., `I\hbox'). Otherwise just continue,
and I'll forget about whatever was undefined.


! LaTeX Error: \begin{document} ended by \end{align}.

See the LaTeX manual or LaTeX Companion for explanation.
Type  H <return>  for immediate help.
 ...                                              
                                                  
l.22 \end{align}
                
Your command was ignored.
Type  I <command> <return>  to replace it with another command,
or  <return>  to continue without it.

Missing character: There is no ف in font cmmi10!
Missing character: There is no ر in font cmmi10!
Missing character: There is no د in font cmmi10!
Missing character: There is no ز in font cmmi10!
Missing character: There is no و in font cmmi10!
Missing character: There is no ج in font cmmi10!

Overfull \hbox (90.34013pt too wide) detected at line 23
\OML/cmm/m/it/10 P\OMS/cmsy/m/n/10 f\OML/cmm/m/it/10 X[] \OT1/cmr/m/n/10 = []\O
MS/cmsy/m/n/10 g \OML/cmm/m/it/10 ;  P\OMS/cmsy/m/n/10 f\OML/cmm/m/it/10 X[] \O
T1/cmr/m/n/10 = []\OMS/cmsy/m/n/10 g
 []

)
! Emergency stop.
<*> ./th8.tex
             
*** (job aborted, no legal \end found)

 
Here is how much of TeX's memory you used:
 25 strings out of 414071
 420 string characters out of 2894590
 245684 words of memory out of 3000000
 17767 multiletter control sequences out of 15000+200000
 532346 words of font info for 25 fonts, out of 3000000 for 9000
 1348 hyphenation exceptions out of 8191
 17i,2n,15p,119b,67s stack positions out of 5000i,500n,10000p,200000b,50000s
No pages of output.
